<?xml version="1.0" encoding="UTF-8"?>
<!-- Generated by org.testng.reporters.JUnitReportReporter -->
<testsuite skipped="0" hostname="hhii" name="utils.testcase" tests="1" failures="0" timestamp="16 Dec 2018 16:35:45 GMT" time="87.486" errors="0">
  <testcase name="testMethod" time="87.486" classname="utils.testcase"/>
</testsuite> <!-- utils.testcase -->
